<?xml version="1.0" encoding="UTF-8"?>
<testsuite xmlns:xsi="http://www.w3.org/2001/XMLSchema-instance" xsi:noNamespaceSchemaLocation="https://maven.apache.org/surefire/maven-surefire-plugin/xsd/surefire-test-report.xsd" name="rest.TestRunner" time="9.108" tests="2" errors="0" skipped="0" failures="2">
  <properties>
    <property name="sun.desktop" value="windows"/>
    <property name="awt.toolkit" value="sun.awt.windows.WToolkit"/>
    <property name="java.specification.version" value="11"/>
    <property name="sun.cpu.isalist" value="amd64"/>
    <property name="sun.jnu.encoding" value="Cp1252"/>
    <property name="java.class.path" value="C:\Users\ji9560880\repos\karate-framework\karateFramework\target\test-classes;C:\Users\ji9560880\repos\karate-framework\karateFramework\target\classes;C:\Users\ji9560880\.m2\repository\com\intuit\karate\karate-junit5\1.3.0\karate-junit5-1.3.0.jar;C:\Users\ji9560880\.m2\repository\com\intuit\karate\karate-core\1.3.0\karate-core-1.3.0.jar;C:\Users\ji9560880\.m2\repository\org\graalvm\js\js-scriptengine\22.0.0.2\js-scriptengine-22.0.0.2.jar;C:\Users\ji9560880\.m2\repository\org\graalvm\sdk\graal-sdk\22.0.0.2\graal-sdk-22.0.0.2.jar;C:\Users\ji9560880\.m2\repository\org\graalvm\js\js\22.0.0.2\js-22.0.0.2.jar;C:\Users\ji9560880\.m2\repository\org\graalvm\regex\regex\22.0.0.2\regex-22.0.0.2.jar;C:\Users\ji9560880\.m2\repository\org\graalvm\truffle\truffle-api\22.0.0.2\truffle-api-22.0.0.2.jar;C:\Users\ji9560880\.m2\repository\org\thymeleaf\thymeleaf\3.0.14.RELEASE\thymeleaf-3.0.14.RELEASE.jar;C:\Users\ji9560880\.m2\repository\ognl\ognl\3.1.26\ognl-3.1.26.jar;C:\Users\ji9560880\.m2\repository\org\javassist\javassist\3.20.0-GA\javassist-3.20.0-GA.jar;C:\Users\ji9560880\.m2\repository\org\attoparser\attoparser\2.0.5.RELEASE\attoparser-2.0.5.RELEASE.jar;C:\Users\ji9560880\.m2\repository\org\unbescape\unbescape\1.1.6.RELEASE\unbescape-1.1.6.RELEASE.jar;C:\Users\ji9560880\.m2\repository\org\slf4j\slf4j-api\1.7.36\slf4j-api-1.7.36.jar;C:\Users\ji9560880\.m2\repository\com\linecorp\armeria\armeria\1.18.0\armeria-1.18.0.jar;C:\Users\ji9560880\.m2\repository\com\fasterxml\jackson\core\jackson-core\2.13.3\jackson-core-2.13.3.jar;C:\Users\ji9560880\.m2\repository\com\fasterxml\jackson\core\jackson-annotations\2.13.3\jackson-annotations-2.13.3.jar;C:\Users\ji9560880\.m2\repository\com\fasterxml\jackson\core\jackson-databind\2.13.3\jackson-databind-2.13.3.jar;C:\Users\ji9560880\.m2\repository\io\micrometer\micrometer-core\1.9.2\micrometer-core-1.9.2.jar;C:\Users\ji9560880\.m2\repository\org\hdrhistogram\HdrHistogram\2.1.12\HdrHistogram-2.1.12.jar;C:\Users\ji9560880\.m2\repository\org\latencyutils\LatencyUtils\2.0.3\LatencyUtils-2.0.3.jar;C:\Users\ji9560880\.m2\repository\io\netty\netty-transport\4.1.79.Final\netty-transport-4.1.79.Final.jar;C:\Users\ji9560880\.m2\repository\io\netty\netty-common\4.1.79.Final\netty-common-4.1.79.Final.jar;C:\Users\ji9560880\.m2\repository\io\netty\netty-buffer\4.1.79.Final\netty-buffer-4.1.79.Final.jar;C:\Users\ji9560880\.m2\repository\io\netty\netty-resolver\4.1.79.Final\netty-resolver-4.1.79.Final.jar;C:\Users\ji9560880\.m2\repository\io\netty\netty-codec-haproxy\4.1.79.Final\netty-codec-haproxy-4.1.79.Final.jar;C:\Users\ji9560880\.m2\repository\io\netty\netty-codec\4.1.79.Final\netty-codec-4.1.79.Final.jar;C:\Users\ji9560880\.m2\repository\io\netty\netty-codec-http2\4.1.79.Final\netty-codec-http2-4.1.79.Final.jar;C:\Users\ji9560880\.m2\repository\io\netty\netty-handler\4.1.79.Final\netty-handler-4.1.79.Final.jar;C:\Users\ji9560880\.m2\repository\io\netty\netty-codec-http\4.1.79.Final\netty-codec-http-4.1.79.Final.jar;C:\Users\ji9560880\.m2\repository\io\netty\netty-resolver-dns\4.1.79.Final\netty-resolver-dns-4.1.79.Final.jar;C:\Users\ji9560880\.m2\repository\io\netty\netty-codec-dns\4.1.79.Final\netty-codec-dns-4.1.79.Final.jar;C:\Users\ji9560880\.m2\repository\org\reactivestreams\reactive-streams\1.0.4\reactive-streams-1.0.4.jar;C:\Users\ji9560880\.m2\repository\com\google\code\findbugs\jsr305\3.0.2\jsr305-3.0.2.jar;C:\Users\ji9560880\.m2\repository\io\netty\netty-transport-native-unix-common\4.1.79.Final\netty-transport-native-unix-common-4.1.79.Final-linux-x86_64.jar;C:\Users\ji9560880\.m2\repository\io\netty\netty-transport-native-epoll\4.1.79.Final\netty-transport-native-epoll-4.1.79.Final-linux-x86_64.jar;C:\Users\ji9560880\.m2\repository\io\netty\netty-transport-native-unix-common\4.1.79.Final\netty-transport-native-unix-common-4.1.79.Final.jar;C:\Users\ji9560880\.m2\repository\io\netty\netty-transport-classes-epoll\4.1.79.Final\netty-transport-classes-epoll-4.1.79.Final.jar;C:\Users\ji9560880\.m2\repository\io\netty\netty-resolver-dns-native-macos\4.1.79.Final\netty-resolver-dns-native-macos-4.1.79.Final-osx-x86_64.jar;C:\Users\ji9560880\.m2\repository\io\netty\netty-resolver-dns-classes-macos\4.1.79.Final\netty-resolver-dns-classes-macos-4.1.79.Final.jar;C:\Users\ji9560880\.m2\repository\io\netty\netty-resolver-dns-native-macos\4.1.79.Final\netty-resolver-dns-native-macos-4.1.79.Final-osx-aarch_64.jar;C:\Users\ji9560880\.m2\repository\io\netty\netty-tcnative-boringssl-static\2.0.53.Final\netty-tcnative-boringssl-static-2.0.53.Final-linux-x86_64.jar;C:\Users\ji9560880\.m2\repository\io\netty\netty-tcnative-classes\2.0.53.Final\netty-tcnative-classes-2.0.53.Final.jar;C:\Users\ji9560880\.m2\repository\io\netty\netty-tcnative-boringssl-static\2.0.53.Final\netty-tcnative-boringssl-static-2.0.53.Final-linux-aarch_64.jar;C:\Users\ji9560880\.m2\repository\io\netty\netty-tcnative-boringssl-static\2.0.53.Final\netty-tcnative-boringssl-static-2.0.53.Final-osx-x86_64.jar;C:\Users\ji9560880\.m2\repository\io\netty\netty-tcnative-boringssl-static\2.0.53.Final\netty-tcnative-boringssl-static-2.0.53.Final-osx-aarch_64.jar;C:\Users\ji9560880\.m2\repository\io\netty\netty-tcnative-boringssl-static\2.0.53.Final\netty-tcnative-boringssl-static-2.0.53.Final-windows-x86_64.jar;C:\Users\ji9560880\.m2\repository\io\netty\netty-handler-proxy\4.1.79.Final\netty-handler-proxy-4.1.79.Final.jar;C:\Users\ji9560880\.m2\repository\io\netty\netty-codec-socks\4.1.79.Final\netty-codec-socks-4.1.79.Final.jar;C:\Users\ji9560880\.m2\repository\com\aayushatharva\brotli4j\brotli4j\1.7.1\brotli4j-1.7.1.jar;C:\Users\ji9560880\.m2\repository\com\aayushatharva\brotli4j\native-windows-x86_64\1.7.1\native-windows-x86_64-1.7.1.jar;C:\Users\ji9560880\.m2\repository\org\apache\httpcomponents\httpclient\4.5.13\httpclient-4.5.13.jar;C:\Users\ji9560880\.m2\repository\org\apache\httpcomponents\httpcore\4.4.13\httpcore-4.4.13.jar;C:\Users\ji9560880\.m2\repository\commons-codec\commons-codec\1.11\commons-codec-1.11.jar;C:\Users\ji9560880\.m2\repository\ch\qos\logback\logback-classic\1.2.9\logback-classic-1.2.9.jar;C:\Users\ji9560880\.m2\repository\ch\qos\logback\logback-core\1.2.9\logback-core-1.2.9.jar;C:\Users\ji9560880\.m2\repository\org\slf4j\jcl-over-slf4j\1.7.32\jcl-over-slf4j-1.7.32.jar;C:\Users\ji9560880\.m2\repository\org\antlr\antlr4-runtime\4.9.3\antlr4-runtime-4.9.3.jar;C:\Users\ji9560880\.m2\repository\com\jayway\jsonpath\json-path\2.7.0\json-path-2.7.0.jar;C:\Users\ji9560880\.m2\repository\net\minidev\json-smart\2.4.7\json-smart-2.4.7.jar;C:\Users\ji9560880\.m2\repository\net\minidev\accessors-smart\2.4.7\accessors-smart-2.4.7.jar;C:\Users\ji9560880\.m2\repository\org\ow2\asm\asm\9.1\asm-9.1.jar;C:\Users\ji9560880\.m2\repository\info\cukes\cucumber-java\1.2.5\cucumber-java-1.2.5.jar;C:\Users\ji9560880\.m2\repository\info\cukes\cucumber-core\1.2.5\cucumber-core-1.2.5.jar;C:\Users\ji9560880\.m2\repository\org\yaml\snakeyaml\1.32\snakeyaml-1.32.jar;C:\Users\ji9560880\.m2\repository\de\siegmar\fastcsv\2.0.0\fastcsv-2.0.0.jar;C:\Users\ji9560880\.m2\repository\info\picocli\picocli\4.6.1\picocli-4.6.1.jar;C:\Users\ji9560880\.m2\repository\io\github\classgraph\classgraph\4.8.149\classgraph-4.8.149.jar;C:\Users\ji9560880\.m2\repository\io\github\t12y\resemble\1.0.2\resemble-1.0.2.jar;C:\Users\ji9560880\.m2\repository\io\github\t12y\ssim\1.0.0\ssim-1.0.0.jar;C:\Users\ji9560880\.m2\repository\org\junit\jupiter\junit-jupiter-api\5.7.2\junit-jupiter-api-5.7.2.jar;C:\Users\ji9560880\.m2\repository\org\apiguardian\apiguardian-api\1.1.0\apiguardian-api-1.1.0.jar;C:\Users\ji9560880\.m2\repository\org\opentest4j\opentest4j\1.2.0\opentest4j-1.2.0.jar;C:\Users\ji9560880\.m2\repository\org\junit\platform\junit-platform-commons\1.7.2\junit-platform-commons-1.7.2.jar;C:\Users\ji9560880\.m2\repository\org\junit\jupiter\junit-jupiter-engine\5.7.2\junit-jupiter-engine-5.7.2.jar;C:\Users\ji9560880\.m2\repository\org\junit\platform\junit-platform-engine\1.7.2\junit-platform-engine-1.7.2.jar;C:\Users\ji9560880\.m2\repository\net\datafaker\datafaker\1.6.0\datafaker-1.6.0.jar;C:\Users\ji9560880\.m2\repository\com\github\mifmif\generex\1.0.2\generex-1.0.2.jar;C:\Users\ji9560880\.m2\repository\dk\brics\automaton\automaton\1.11-8\automaton-1.11-8.jar;"/>
    <property name="java.vm.vendor" value="Oracle Corporation"/>
    <property name="sun.arch.data.model" value="64"/>
    <property name="user.variant" value=""/>
    <property name="java.vendor.url" value="https://openjdk.java.net/"/>
    <property name="user.timezone" value="America/Chicago"/>
    <property name="java.vm.specification.version" value="11"/>
    <property name="os.name" value="Windows 10"/>
    <property name="sun.java.launcher" value="SUN_STANDARD"/>
    <property name="user.country" value="US"/>
    <property name="sun.boot.library.path" value="C:\Program Files\Java\jdk-11.0.16.1\bin"/>
    <property name="sun.java.command" value="C:\Users\JI9560~1\AppData\Local\Temp\surefire3224836652553142210\surefirebooter15404132727484406940.jar C:\Users\ji9560880\AppData\Local\Temp\surefire3224836652553142210 2022-11-10T14-48-42_902-jvmRun1 surefire375871640115806646tmp surefire_0924475666122695529tmp"/>
    <property name="jdk.debug" value="release"/>
    <property name="surefire.test.class.path" value="C:\Users\ji9560880\repos\karate-framework\karateFramework\target\test-classes;C:\Users\ji9560880\repos\karate-framework\karateFramework\target\classes;C:\Users\ji9560880\.m2\repository\com\intuit\karate\karate-junit5\1.3.0\karate-junit5-1.3.0.jar;C:\Users\ji9560880\.m2\repository\com\intuit\karate\karate-core\1.3.0\karate-core-1.3.0.jar;C:\Users\ji9560880\.m2\repository\org\graalvm\js\js-scriptengine\22.0.0.2\js-scriptengine-22.0.0.2.jar;C:\Users\ji9560880\.m2\repository\org\graalvm\sdk\graal-sdk\22.0.0.2\graal-sdk-22.0.0.2.jar;C:\Users\ji9560880\.m2\repository\org\graalvm\js\js\22.0.0.2\js-22.0.0.2.jar;C:\Users\ji9560880\.m2\repository\org\graalvm\regex\regex\22.0.0.2\regex-22.0.0.2.jar;C:\Users\ji9560880\.m2\repository\org\graalvm\truffle\truffle-api\22.0.0.2\truffle-api-22.0.0.2.jar;C:\Users\ji9560880\.m2\repository\org\thymeleaf\thymeleaf\3.0.14.RELEASE\thymeleaf-3.0.14.RELEASE.jar;C:\Users\ji9560880\.m2\repository\ognl\ognl\3.1.26\ognl-3.1.26.jar;C:\Users\ji9560880\.m2\repository\org\javassist\javassist\3.20.0-GA\javassist-3.20.0-GA.jar;C:\Users\ji9560880\.m2\repository\org\attoparser\attoparser\2.0.5.RELEASE\attoparser-2.0.5.RELEASE.jar;C:\Users\ji9560880\.m2\repository\org\unbescape\unbescape\1.1.6.RELEASE\unbescape-1.1.6.RELEASE.jar;C:\Users\ji9560880\.m2\repository\org\slf4j\slf4j-api\1.7.36\slf4j-api-1.7.36.jar;C:\Users\ji9560880\.m2\repository\com\linecorp\armeria\armeria\1.18.0\armeria-1.18.0.jar;C:\Users\ji9560880\.m2\repository\com\fasterxml\jackson\core\jackson-core\2.13.3\jackson-core-2.13.3.jar;C:\Users\ji9560880\.m2\repository\com\fasterxml\jackson\core\jackson-annotations\2.13.3\jackson-annotations-2.13.3.jar;C:\Users\ji9560880\.m2\repository\com\fasterxml\jackson\core\jackson-databind\2.13.3\jackson-databind-2.13.3.jar;C:\Users\ji9560880\.m2\repository\io\micrometer\micrometer-core\1.9.2\micrometer-core-1.9.2.jar;C:\Users\ji9560880\.m2\repository\org\hdrhistogram\HdrHistogram\2.1.12\HdrHistogram-2.1.12.jar;C:\Users\ji9560880\.m2\repository\org\latencyutils\LatencyUtils\2.0.3\LatencyUtils-2.0.3.jar;C:\Users\ji9560880\.m2\repository\io\netty\netty-transport\4.1.79.Final\netty-transport-4.1.79.Final.jar;C:\Users\ji9560880\.m2\repository\io\netty\netty-common\4.1.79.Final\netty-common-4.1.79.Final.jar;C:\Users\ji9560880\.m2\repository\io\netty\netty-buffer\4.1.79.Final\netty-buffer-4.1.79.Final.jar;C:\Users\ji9560880\.m2\repository\io\netty\netty-resolver\4.1.79.Final\netty-resolver-4.1.79.Final.jar;C:\Users\ji9560880\.m2\repository\io\netty\netty-codec-haproxy\4.1.79.Final\netty-codec-haproxy-4.1.79.Final.jar;C:\Users\ji9560880\.m2\repository\io\netty\netty-codec\4.1.79.Final\netty-codec-4.1.79.Final.jar;C:\Users\ji9560880\.m2\repository\io\netty\netty-codec-http2\4.1.79.Final\netty-codec-http2-4.1.79.Final.jar;C:\Users\ji9560880\.m2\repository\io\netty\netty-handler\4.1.79.Final\netty-handler-4.1.79.Final.jar;C:\Users\ji9560880\.m2\repository\io\netty\netty-codec-http\4.1.79.Final\netty-codec-http-4.1.79.Final.jar;C:\Users\ji9560880\.m2\repository\io\netty\netty-resolver-dns\4.1.79.Final\netty-resolver-dns-4.1.79.Final.jar;C:\Users\ji9560880\.m2\repository\io\netty\netty-codec-dns\4.1.79.Final\netty-codec-dns-4.1.79.Final.jar;C:\Users\ji9560880\.m2\repository\org\reactivestreams\reactive-streams\1.0.4\reactive-streams-1.0.4.jar;C:\Users\ji9560880\.m2\repository\com\google\code\findbugs\jsr305\3.0.2\jsr305-3.0.2.jar;C:\Users\ji9560880\.m2\repository\io\netty\netty-transport-native-unix-common\4.1.79.Final\netty-transport-native-unix-common-4.1.79.Final-linux-x86_64.jar;C:\Users\ji9560880\.m2\repository\io\netty\netty-transport-native-epoll\4.1.79.Final\netty-transport-native-epoll-4.1.79.Final-linux-x86_64.jar;C:\Users\ji9560880\.m2\repository\io\netty\netty-transport-native-unix-common\4.1.79.Final\netty-transport-native-unix-common-4.1.79.Final.jar;C:\Users\ji9560880\.m2\repository\io\netty\netty-transport-classes-epoll\4.1.79.Final\netty-transport-classes-epoll-4.1.79.Final.jar;C:\Users\ji9560880\.m2\repository\io\netty\netty-resolver-dns-native-macos\4.1.79.Final\netty-resolver-dns-native-macos-4.1.79.Final-osx-x86_64.jar;C:\Users\ji9560880\.m2\repository\io\netty\netty-resolver-dns-classes-macos\4.1.79.Final\netty-resolver-dns-classes-macos-4.1.79.Final.jar;C:\Users\ji9560880\.m2\repository\io\netty\netty-resolver-dns-native-macos\4.1.79.Final\netty-resolver-dns-native-macos-4.1.79.Final-osx-aarch_64.jar;C:\Users\ji9560880\.m2\repository\io\netty\netty-tcnative-boringssl-static\2.0.53.Final\netty-tcnative-boringssl-static-2.0.53.Final-linux-x86_64.jar;C:\Users\ji9560880\.m2\repository\io\netty\netty-tcnative-classes\2.0.53.Final\netty-tcnative-classes-2.0.53.Final.jar;C:\Users\ji9560880\.m2\repository\io\netty\netty-tcnative-boringssl-static\2.0.53.Final\netty-tcnative-boringssl-static-2.0.53.Final-linux-aarch_64.jar;C:\Users\ji9560880\.m2\repository\io\netty\netty-tcnative-boringssl-static\2.0.53.Final\netty-tcnative-boringssl-static-2.0.53.Final-osx-x86_64.jar;C:\Users\ji9560880\.m2\repository\io\netty\netty-tcnative-boringssl-static\2.0.53.Final\netty-tcnative-boringssl-static-2.0.53.Final-osx-aarch_64.jar;C:\Users\ji9560880\.m2\repository\io\netty\netty-tcnative-boringssl-static\2.0.53.Final\netty-tcnative-boringssl-static-2.0.53.Final-windows-x86_64.jar;C:\Users\ji9560880\.m2\repository\io\netty\netty-handler-proxy\4.1.79.Final\netty-handler-proxy-4.1.79.Final.jar;C:\Users\ji9560880\.m2\repository\io\netty\netty-codec-socks\4.1.79.Final\netty-codec-socks-4.1.79.Final.jar;C:\Users\ji9560880\.m2\repository\com\aayushatharva\brotli4j\brotli4j\1.7.1\brotli4j-1.7.1.jar;C:\Users\ji9560880\.m2\repository\com\aayushatharva\brotli4j\native-windows-x86_64\1.7.1\native-windows-x86_64-1.7.1.jar;C:\Users\ji9560880\.m2\repository\org\apache\httpcomponents\httpclient\4.5.13\httpclient-4.5.13.jar;C:\Users\ji9560880\.m2\repository\org\apache\httpcomponents\httpcore\4.4.13\httpcore-4.4.13.jar;C:\Users\ji9560880\.m2\repository\commons-codec\commons-codec\1.11\commons-codec-1.11.jar;C:\Users\ji9560880\.m2\repository\ch\qos\logback\logback-classic\1.2.9\logback-classic-1.2.9.jar;C:\Users\ji9560880\.m2\repository\ch\qos\logback\logback-core\1.2.9\logback-core-1.2.9.jar;C:\Users\ji9560880\.m2\repository\org\slf4j\jcl-over-slf4j\1.7.32\jcl-over-slf4j-1.7.32.jar;C:\Users\ji9560880\.m2\repository\org\antlr\antlr4-runtime\4.9.3\antlr4-runtime-4.9.3.jar;C:\Users\ji9560880\.m2\repository\com\jayway\jsonpath\json-path\2.7.0\json-path-2.7.0.jar;C:\Users\ji9560880\.m2\repository\net\minidev\json-smart\2.4.7\json-smart-2.4.7.jar;C:\Users\ji9560880\.m2\repository\net\minidev\accessors-smart\2.4.7\accessors-smart-2.4.7.jar;C:\Users\ji9560880\.m2\repository\org\ow2\asm\asm\9.1\asm-9.1.jar;C:\Users\ji9560880\.m2\repository\info\cukes\cucumber-java\1.2.5\cucumber-java-1.2.5.jar;C:\Users\ji9560880\.m2\repository\info\cukes\cucumber-core\1.2.5\cucumber-core-1.2.5.jar;C:\Users\ji9560880\.m2\repository\org\yaml\snakeyaml\1.32\snakeyaml-1.32.jar;C:\Users\ji9560880\.m2\repository\de\siegmar\fastcsv\2.0.0\fastcsv-2.0.0.jar;C:\Users\ji9560880\.m2\repository\info\picocli\picocli\4.6.1\picocli-4.6.1.jar;C:\Users\ji9560880\.m2\repository\io\github\classgraph\classgraph\4.8.149\classgraph-4.8.149.jar;C:\Users\ji9560880\.m2\repository\io\github\t12y\resemble\1.0.2\resemble-1.0.2.jar;C:\Users\ji9560880\.m2\repository\io\github\t12y\ssim\1.0.0\ssim-1.0.0.jar;C:\Users\ji9560880\.m2\repository\org\junit\jupiter\junit-jupiter-api\5.7.2\junit-jupiter-api-5.7.2.jar;C:\Users\ji9560880\.m2\repository\org\apiguardian\apiguardian-api\1.1.0\apiguardian-api-1.1.0.jar;C:\Users\ji9560880\.m2\repository\org\opentest4j\opentest4j\1.2.0\opentest4j-1.2.0.jar;C:\Users\ji9560880\.m2\repository\org\junit\platform\junit-platform-commons\1.7.2\junit-platform-commons-1.7.2.jar;C:\Users\ji9560880\.m2\repository\org\junit\jupiter\junit-jupiter-engine\5.7.2\junit-jupiter-engine-5.7.2.jar;C:\Users\ji9560880\.m2\repository\org\junit\platform\junit-platform-engine\1.7.2\junit-platform-engine-1.7.2.jar;C:\Users\ji9560880\.m2\repository\net\datafaker\datafaker\1.6.0\datafaker-1.6.0.jar;C:\Users\ji9560880\.m2\repository\com\github\mifmif\generex\1.0.2\generex-1.0.2.jar;C:\Users\ji9560880\.m2\repository\dk\brics\automaton\automaton\1.11-8\automaton-1.11-8.jar;"/>
    <property name="sun.cpu.endian" value="little"/>
    <property name="user.home" value="C:\Users\ji9560880"/>
    <property name="user.language" value="en"/>
    <property name="java.specification.vendor" value="Oracle Corporation"/>
    <property name="java.version.date" value="2022-08-18"/>
    <property name="java.home" value="C:\Program Files\Java\jdk-11.0.16.1"/>
    <property name="file.separator" value="\"/>
    <property name="basedir" value="C:\Users\ji9560880\repos\karate-framework\karateFramework"/>
    <property name="java.vm.compressedOopsMode" value="Zero based"/>
    <property name="line.separator" value="&#10;"/>
    <property name="java.specification.name" value="Java Platform API Specification"/>
    <property name="java.vm.specification.vendor" value="Oracle Corporation"/>
    <property name="java.awt.graphicsenv" value="sun.awt.Win32GraphicsEnvironment"/>
    <property name="surefire.real.class.path" value="C:\Users\JI9560~1\AppData\Local\Temp\surefire3224836652553142210\surefirebooter15404132727484406940.jar"/>
    <property name="user.script" value=""/>
    <property name="sun.management.compiler" value="HotSpot 64-Bit Tiered Compilers"/>
    <property name="java.runtime.version" value="11.0.16.1+1-LTS-1"/>
    <property name="user.name" value="ji9560880"/>
    <property name="path.separator" value=";"/>
    <property name="os.version" value="10.0"/>
    <property name="java.runtime.name" value="Java(TM) SE Runtime Environment"/>
    <property name="file.encoding" value="UTF-8"/>
    <property name="java.vm.name" value="Java HotSpot(TM) 64-Bit Server VM"/>
    <property name="java.vendor.version" value="18.9"/>
    <property name="localRepository" value="C:\Users\ji9560880\.m2\repository"/>
    <property name="java.vendor.url.bug" value="https://bugreport.java.com/bugreport/"/>
    <property name="java.io.tmpdir" value="C:\Users\JI9560~1\AppData\Local\Temp\"/>
    <property name="java.version" value="11.0.16.1"/>
    <property name="user.dir" value="C:\Users\ji9560880\repos\karate-framework\karateFramework"/>
    <property name="os.arch" value="amd64"/>
    <property name="java.vm.specification.name" value="Java Virtual Machine Specification"/>
    <property name="java.awt.printerjob" value="sun.awt.windows.WPrinterJob"/>
    <property name="sun.os.patch.level" value=""/>
    <property name="java.library.path" value="C:\Program Files\Java\jdk-11.0.16.1\bin;C:\WINDOWS\Sun\Java\bin;C:\WINDOWS\system32;C:\WINDOWS;H:\bin;C:\Users\ji9560880\AppData\Local\Programs\Git\mingw64\bin;C:\Users\ji9560880\AppData\Local\Programs\Git\usr\local\bin;C:\Users\ji9560880\AppData\Local\Programs\Git\usr\bin;C:\Users\ji9560880\AppData\Local\Programs\Git\usr\bin;C:\Users\ji9560880\AppData\Local\Programs\Git\mingw64\bin;C:\Users\ji9560880\AppData\Local\Programs\Git\usr\bin;H:\bin;C:\Program Files\Common Files\Oracle\Java\javapath;C:\Program Files\SAP\hdbclient;C:\Program Files (x86)\SAP\hdbclient;C:\WINDOWS\system32;C:\WINDOWS;C:\WINDOWS\System32\Wbem;C:\WINDOWS\System32\WindowsPowerShell\v1.0;C:\WINDOWS\System32\OpenSSH;C:\Program Files (x86)\Hyland\Web ActiveX;C:\Program Files (x86)\OpenText\Viewer\bin;C:\ProgramData\chocolatey\bin;C:\Program Files\nodejs;C:\Program Files\Amazon\AWSCLIV2;C:\Program Files\dotnet;C:\WINDOWS\system32;C:\WINDOWS;C:\WINDOWS\System32\Wbem;C:\WINDOWS\System32\WindowsPowerShell\v1.0;C:\WINDOWS\System32\OpenSSH;C:\Program Files\apache-maven-3.8.6;C:\Users\ji9560880\AppData\Local\Programs\Python\Python310\Scripts;C:\Users\ji9560880\AppData\Local\Programs\Python\Python310;C:\Users\ji9560880\AppData\Local\Microsoft\WindowsApps;C:\Users\ji9560880\AppData\Local\Programs\Git\cmd;C:\Users\ji9560880\AppData\Local\gitkraken\bin;C:\Users\ji9560880\AppData\Roaming\npm;C:\Users\ji9560880\AppData\Local\GitHubDesktop\bin;C:\Users\ji9560880\.dotnet\tools;C:\Users\ji9560880\AppData\Local\Programs\oh-my-posh\bin;C:\Users\ji9560880\AppData\Local\Programs\Microsoft VS Code\bin;C:\Users\ji9560880\AppData\Local\Microsoft\WindowsApps;C:\Program Files\apache-maven-3.8.6\bin;C:\Users\ji9560880\AppData\Local\Programs\Git\usr\bin\vendor_perl;C:\Users\ji9560880\AppData\Local\Programs\Git\usr\bin\core_perl;."/>
    <property name="java.vendor" value="Oracle Corporation"/>
    <property name="java.vm.info" value="mixed mode"/>
    <property name="java.vm.version" value="11.0.16.1+1-LTS-1"/>
    <property name="sun.io.unicode.encoding" value="UnicodeLittle"/>
    <property name="java.class.version" value="55.0"/>
  </properties>
  <testcase name="restTests[1][1]" classname="rest.TestRunner" time="3.958">
    <failure message="js failed:&#10;&gt;&gt;&gt;&gt;&#10;01: restUrl&#10;&lt;&lt;&lt;&lt;&#10;org.graalvm.polyglot.PolyglotException: ReferenceError: &quot;restUrl&quot; is not defined&#10;- &lt;js&gt;.:program(Unnamed:1)&#10;&#10;classpath:rest/reqres.feature:9" type="org.opentest4j.AssertionFailedError"><![CDATA[org.opentest4j.AssertionFailedError: 
js failed:
>>>>
01: restUrl
<<<<
org.graalvm.polyglot.PolyglotException: ReferenceError: "restUrl" is not defined
- <js>.:program(Unnamed:1)

classpath:rest/reqres.feature:9
]]></failure>
    <system-out><![CDATA[14:48:51.109 [main] DEBUG com.intuit.karate.Suite - [config] classpath:karate-config.js
14:48:54.907 [main] INFO  com.intuit.karate - karate.env system property was: null 
14:48:55.101 [main] ERROR com.intuit.karate - classpath:rest/reqres.feature:9
* url restUrl
js failed:
>>>>
01: restUrl
<<<<
org.graalvm.polyglot.PolyglotException: ReferenceError: "restUrl" is not defined
- <js>.:program(Unnamed:1)

classpath:rest/reqres.feature:9
]]></system-out>
  </testcase>
  <testcase name="restTests[1][2]" classname="rest.TestRunner" time="3.096">
    <failure message="js failed:&#10;&gt;&gt;&gt;&gt;&#10;01: restUrl&#10;&lt;&lt;&lt;&lt;&#10;org.graalvm.polyglot.PolyglotException: ReferenceError: &quot;restUrl&quot; is not defined&#10;- &lt;js&gt;.:program(Unnamed:1)&#10;&#10;classpath:rest/reqres.feature:9" type="org.opentest4j.AssertionFailedError"><![CDATA[org.opentest4j.AssertionFailedError: 
js failed:
>>>>
01: restUrl
<<<<
org.graalvm.polyglot.PolyglotException: ReferenceError: "restUrl" is not defined
- <js>.:program(Unnamed:1)

classpath:rest/reqres.feature:9
]]></failure>
    <system-out><![CDATA[14:48:55.194 [main] INFO  com.intuit.karate - karate.env system property was: null 
14:48:55.210 [main] ERROR com.intuit.karate - classpath:rest/reqres.feature:9
* url restUrl
js failed:
>>>>
01: restUrl
<<<<
org.graalvm.polyglot.PolyglotException: ReferenceError: "restUrl" is not defined
- <js>.:program(Unnamed:1)

classpath:rest/reqres.feature:9
---------------------------------------------------------
feature: classpath:rest/reqres.feature
scenarios:  2 | passed:  0 | failed:  2 | time: 0.0556
---------------------------------------------------------

Karate version: 1.3.0
======================================================
elapsed:   6.93 | threads:    1 | thread time: 0.06 
features:     1 | skipped:    0 | efficiency: 0.01
scenarios:    2 | passed:     0 | failed: 2
======================================================
>>> failed features:
js failed:
>>>>
01: restUrl
<<<<
org.graalvm.polyglot.PolyglotException: ReferenceError: "restUrl" is not defined
- <js>.:program(Unnamed:1)

classpath:rest/reqres.feature:9
js failed:
>>>>
01: restUrl
<<<<
org.graalvm.polyglot.PolyglotException: ReferenceError: "restUrl" is not defined
- <js>.:program(Unnamed:1)

classpath:rest/reqres.feature:9
<<<

HTML report: (paste into browser to view) | Karate version: 1.3.0
file:///C:/Users/ji9560880/repos/karate-framework/karateFramework/target/karate-reports/karate-summary.html
===================================================================

]]></system-out>
  </testcase>
</testsuite>